VPR FPGA Placement and Routing.
Version: 8.1.0-dev+dadca7ecf
Revision: v8.0.0-rc2-2909-gdadca7ecf
Compiled: 2023-03-16T05:56:59
Compiler: GNU 10.2.1 on Linux-5.4.0-faked aarch64
Build Info: release IPO VTR_ASSERT_LEVEL=2

University of Toronto
verilogtorouting.org
vtr-users@googlegroups.com
This is free open source code under MIT license.

VPR was run with the following command-line:
vpr /data/data/com.termux/files/home/symbiflow/quicklogic-arch-defs/share/arch/ql-eos-s3_wlcsp/arch.timing.xml helloworldfpga.eblif --device ql-eos-s3 --max_router_iterations 500 --routing_failure_predictor off --router_high_fanout_threshold -1 --constant_net_method route --route_chan_width 100 --clock_modeling route --place_delay_model delta_override --router_lookahead map --check_route quick --strict_checks off --allow_dangling_combinational_nodes on --disable_errors check_unbuffered_edges:check_route --congested_routing_iteration_threshold 0.8 --incremental_reroute_delay_ripup off --base_cost_type delay_normalized_length_bounded --bb_factor 10 --initial_pres_fac 4.0 --check_rr_graph off --suppress_warnings ,sum_pin_class:check_unbuffered_edges:load_rr_indexed_data_T_values:check_rr_node:trans_per_R:check_route:set_rr_graph_tool_comment:warn_model_missing_timing --read_rr_graph /data/data/com.termux/files/home/symbiflow/quicklogic-arch-defs/share/arch/ql-eos-s3_wlcsp/rr_graph_ql-eos-s3_wlcsp.rr_graph.real.bin --read_placement_delay_lookup /data/data/com.termux/files/home/symbiflow/quicklogic-arch-defs/share/arch/ql-eos-s3_wlcsp/rr_graph_ql-eos-s3_wlcsp.place_delay.bin --sdc_file /sdcard/Download/vaman/vaman/fpga/assignment/codes/build/helloworldfpga_dummy.sdc --route


Architecture file: /data/data/com.termux/files/home/symbiflow/quicklogic-arch-defs/share/arch/ql-eos-s3_wlcsp/arch.timing.xml
Circuit name: helloworldfpga

# Loading Architecture Description
# Loading Architecture Description took 0.95 seconds (max_rss 26.9 MiB, delta_rss +23.7 MiB)
# Building complex block graph
# Building complex block graph took 0.28 seconds (max_rss 33.6 MiB, delta_rss +6.8 MiB)
# Load circuit
# Load circuit took 0.03 seconds (max_rss 35.3 MiB, delta_rss +1.6 MiB)
# Clean circuit
Absorbed 1008 LUT buffers
Inferred  106 additional primitive pins as constant generators since they have no combinationally connected inputs
Inferred   39 additional primitive pins as constant generators due to constant inputs
Inferred    0 additional primitive pins as constant generators since they have no combinationally connected inputs
Inferred    0 additional primitive pins as constant generators due to constant inputs
Inferred    0 additional primitive pins as constant generators since they have no combinationally connected inputs
Inferred    0 additional primitive pins as constant generators due to constant inputs
Swept input(s)      : 0
Swept output(s)     : 0 (0 dangling, 0 constant)
Swept net(s)        : 141
Swept block(s)      : 1
Constant Pins Marked: 145
# Clean circuit took 0.02 seconds (max_rss 35.8 MiB, delta_rss +0.5 MiB)
# Compress circuit
# Compress circuit took 0.00 seconds (max_rss 35.8 MiB, delta_rss +0.0 MiB)
# Verify circuit
# Verify circuit took 0.00 seconds (max_rss 35.8 MiB, delta_rss +0.0 MiB)
Circuit Statistics:
  Blocks: 127
    .input    :       2
    .output   :       5
    ASSP      :       1
    BIDIR_CELL:       7
    C_FRAG    :      33
    F_FRAG    :       2
    GND       :       1
    Q_FRAG    :      32
    T_FRAG    :      43
    VCC       :       1
  Nets  : 122
    Avg Fanout:     9.4
    Max Fanout:   527.0
    Min Fanout:     1.0
  Netlist Clocks: 1
# Build Timing Graph
  Timing Graph Nodes: 1269
  Timing Graph Edges: 2057
  Timing Graph Levels: 24
# Build Timing Graph took 0.00 seconds (max_rss 35.8 MiB, delta_rss +0.0 MiB)
Netlist contains 1 clocks
  Netlist Clock 'clk' Fanout: 32 pins (2.5%), 32 blocks (25.2%)
# Load Timing Constraints

SDC file '/sdcard/Download/vaman/vaman/fpga/assignment/codes/build/helloworldfpga_dummy.sdc' contained no SDC commands
Setting default timing constraints:
   * constrain all primay inputs and primary outputs on netlist clock 'clk'
   * optimize netlist clock to run as fast as possible
Timing constraints created 1 clocks
  Constrained Clock 'clk' Source: 'u_qlal4s3b_cell_macro.Sys_Clk0[0]'

# Load Timing Constraints took 0.00 seconds (max_rss 35.8 MiB, delta_rss +0.0 MiB)
Timing analysis: ON
Circuit netlist file: helloworldfpga.net
Circuit placement file: helloworldfpga.place
Circuit routing file: helloworldfpga.route
Circuit SDC file: /sdcard/Download/vaman/vaman/fpga/assignment/codes/build/helloworldfpga_dummy.sdc

Packer: ENABLED
Placer: ENABLED
Router: ENABLED
Analysis: ENABLED

NetlistOpts.abosrb_buffer_luts            : true
NetlistOpts.sweep_dangling_primary_ios    : true
NetlistOpts.sweep_dangling_nets           : true
NetlistOpts.sweep_dangling_blocks         : true
NetlistOpts.sweep_constant_primary_outputs: false
NetlistOpts.netlist_verbosity             : 1
NetlistOpts.const_gen_inference           : COMB_SEQ

PackerOpts.allow_unrelated_clustering: auto
PackerOpts.alpha_clustering: 0.750000
PackerOpts.beta_clustering: 0.900000
PackerOpts.cluster_seed_type: BLEND2
PackerOpts.connection_driven: true
PackerOpts.global_clocks: true
PackerOpts.hill_climbing_flag: false
PackerOpts.inter_cluster_net_delay: 1.000000
PackerOpts.timing_driven: true
PackerOpts.target_external_pin_util: auto

PlacerOpts.place_freq: PLACE_ONCE
PlacerOpts.place_algorithm: CRITICALITY_TIMING_PLACE
PlacerOpts.pad_loc_type: FREE
PlacerOpts.constraints_file: No constraints file given
PlacerOpts.place_cost_exp: 1.000000
PlacerOpts.place_chan_width: 100
PlacerOpts.inner_loop_recompute_divider: 0
PlacerOpts.recompute_crit_iter: 1
PlacerOpts.timing_tradeoff: 0.500000
PlacerOpts.td_place_exp_first: 1.000000
PlacerOpts.td_place_exp_last: 8.000000
PlacerOpts.delay_offset: 0.000000
PlacerOpts.delay_ramp_delta_threshold: -1
PlacerOpts.delay_ramp_slope: 0.000000
PlacerOpts.tsu_rel_margin: 1.000000
PlacerOpts.tsu_abs_margin: 0.000000
PlacerOpts.post_place_timing_report_file: 
PlacerOpts.allowed_tiles_for_delay_model: 
PlacerOpts.delay_model_reducer: MIN
PlacerOpts.delay_model_type: DELTA_OVERRIDE
PlacerOpts.rlim_escape_fraction: 0.000000
PlacerOpts.move_stats_file: 
PlacerOpts.placement_saves_per_temperature: 0
PlacerOpts.effort_scaling: CIRCUIT
PlacerOpts.place_delta_delay_matrix_calculation_method: ASTAR_ROUTE
PlaceOpts.seed: 1
AnnealSched.type: AUTO_SCHED
AnnealSched.inner_num: 1.000000

RouterOpts.route_type: DETAILED
RouterOpts.router_algorithm: TIMING_DRIVEN
RouterOpts.base_cost_type: DELAY_NORMALIZED_LENGTH_BOUNDED
RouterOpts.fixed_channel_width: 100
RouterOpts.check_route: QUICK
RouterOpts.trim_empty_chan: false
RouterOpts.trim_obs_chan: false
RouterOpts.acc_fac: 1.000000
RouterOpts.bb_factor: 10
RouterOpts.bend_cost: 0.000000
RouterOpts.first_iter_pres_fac: 0.000000
RouterOpts.initial_pres_fac: 4.000000
RouterOpts.pres_fac_mult: 1.300000
RouterOpts.max_router_iterations: 500
RouterOpts.min_incremental_reroute_fanout: 16
RouterOpts.do_check_rr_graph: false
RouterOpts.verify_binary_search: false
RouterOpts.min_channel_width_hint: 0
RouterOpts.read_rr_edge_metadata: false
RouterOpts.exit_after_first_routing_iteration: false
RouterOpts.astar_fac: 1.200000
RouterOpts.criticality_exp: 1.000000
RouterOpts.max_criticality: 0.990000
RouterOpts.init_wirelength_abort_threshold: 0.850000
RouterOpts.save_routing_per_iteration: false
RouterOpts.congested_routing_iteration_threshold_frac: 0.800000
RouterOpts.high_fanout_threshold: -1
RouterOpts.router_debug_net: -2
RouterOpts.router_debug_sink_rr: -2
RouterOpts.router_debug_iteration: -2
RouterOpts.max_convergence_count: 1
RouterOpts.reconvergence_cpd_threshold: 0.990000
RouterOpts.update_lower_bound_delays: true
RouterOpts.first_iteration_timing_report_file: 
RouterOpts.incr_reroute_delay_ripup: OFF
RouterOpts.route_bb_update: DYNAMIC
RouterOpts.lookahead_type: MAP
RouterOpts.initial_timing: LOOKAHEAD
RouterOpts.router_heap: BINARY_HEAP
RouterOpts.routing_failure_predictor = OFF
RouterOpts.routing_budgets_algorithm = DISABLE

AnalysisOpts.gen_post_synthesis_netlist: false
AnalysisOpts.timing_report_npaths: 100
AnalysisOpts.timing_report_skew: false
AnalysisOpts.echo_dot_timing_graph_node: -1
AnalysisOpts.timing_report_detail: NETLIST

RoutingArch.directionality: BI_DIRECTIONAL
RoutingArch.switch_block_type: WILTON
RoutingArch.Fs: 3

# Load Packing
Begin loading packed FPGA netlist file.
Netlist generated from file 'helloworldfpga.net'.
Detected 2 constant generators (to see names run with higher pack verbosity)
Finished loading packed FPGA netlist file (took 0.076017 seconds).
# Load Packing took 0.09 seconds (max_rss 36.8 MiB, delta_rss +1.1 MiB)
Warning 1: Netlist contains 0 global net to non-global architecture pin connections
Warning 2: Logic block #63 ($false) has only 1 output pin '$false.GND0_GND[0]'. It may be a constant generator.
Warning 3: Logic block #64 ($true) has only 1 output pin '$true.VCC0_VCC[0]'. It may be a constant generator.

Netlist num_nets: 89
Netlist num_blocks: 65
Netlist EMPTY blocks: 0.
Netlist PB-GMUX blocks: 0.
Netlist PB-LOGIC blocks: 55.
Netlist PB-CLOCK blocks: 0.
Netlist PB-MULT blocks: 0.
Netlist PB-SDIOMUX blocks: 0.
Netlist PB-RAM blocks: 0.
Netlist PB-SYN_VCC blocks: 1.
Netlist PB-BIDIR blocks: 7.
Netlist PB-SYN_GND blocks: 1.
Netlist PB-ASSP blocks: 1.
Netlist inputs pins: 2
Netlist output pins: 19


Pb types usage...
  PB-LOGIC          : 55
   LOGIC            : 55
    FRAGS           : 55
     c_frag_modes   : 55
      SINGLE        : 33
       c_frag       : 33
      SPLIT         : 22
       b_frag       : 22
       t_frag       : 21
     f_frag         : 2
     q_frag_modes   : 32
      INT           : 26
       q_frag       : 26
      EXT           : 6
       q_frag       : 6
  PB-SYN_VCC        : 1
   VCC              : 1
  PB-BIDIR          : 7
   BIDIR            : 7
    INPUT           : 2
     bidir          : 2
     inpad          : 2
    OUTPUT          : 5
     bidir          : 5
     outpad         : 5
  PB-SYN_GND        : 1
   GND              : 1
  PB-ASSP           : 1
   ASSP             : 1

# Create Device
## Build Device Grid
FPGA sized to 39 x 35: 1365 grid tiles (ql-eos-s3)

Resource usage...
	Netlist
		0	blocks of type: PB-GMUX
	Architecture
		5	blocks of type: TL-GMUX
	Netlist
		55	blocks of type: PB-LOGIC
	Architecture
		891	blocks of type: TL-LOGIC
	Netlist
		0	blocks of type: PB-CLOCK
	Architecture
		5	blocks of type: TL-CLOCK
	Netlist
		0	blocks of type: PB-MULT
	Architecture
		2	blocks of type: TL-MULT
	Netlist
		0	blocks of type: PB-SDIOMUX
	Architecture
		14	blocks of type: TL-SDIOMUX
	Netlist
		0	blocks of type: PB-RAM
	Architecture
		4	blocks of type: TL-RAM
	Netlist
		1	blocks of type: PB-SYN_VCC
	Architecture
		1	blocks of type: TL-SYN_VCC
	Netlist
		7	blocks of type: PB-BIDIR
	Architecture
		32	blocks of type: TL-BIDIR
	Netlist
		1	blocks of type: PB-SYN_GND
	Architecture
		1	blocks of type: TL-SYN_GND
	Netlist
		1	blocks of type: PB-ASSP
	Architecture
		1	blocks of type: TL-ASSP

Device Utilization: 0.05 (target 1.00)
	Physical Tile TL-LOGIC:
	Block Utilization: 0.06 Logical Block: PB-LOGIC
	Physical Tile TL-RAM:
	Block Utilization: 0.00 Logical Block: PB-RAM
	Physical Tile TL-MULT:
	Block Utilization: 0.00 Logical Block: PB-MULT
	Physical Tile TL-BIDIR:
	Block Utilization: 0.22 Logical Block: PB-BIDIR
	Physical Tile TL-CLOCK:
	Block Utilization: 0.00 Logical Block: PB-CLOCK
	Physical Tile TL-SDIOMUX:
	Block Utilization: 0.00 Logical Block: PB-SDIOMUX
	Physical Tile TL-GMUX:
	Block Utilization: 0.00 Logical Block: PB-GMUX
	Physical Tile TL-ASSP:
	Block Utilization: 1.00 Logical Block: PB-ASSP
	Physical Tile TL-SYN_VCC:
	Block Utilization: 1.00 Logical Block: PB-SYN_VCC
	Physical Tile TL-SYN_GND:
	Block Utilization: 1.00 Logical Block: PB-SYN_GND

## Build Device Grid took 0.02 seconds (max_rss 36.9 MiB, delta_rss +0.0 MiB)
## Loading routing resource graph


## Loading routing resource graph took 1.40 seconds (max_rss 343.6 MiB, delta_rss +306.6 MiB)
  RR Graph Nodes: 1396446
  RR Graph Edges: 2337988
# Create Device took 4.82 seconds (max_rss 391.3 MiB, delta_rss +354.3 MiB)

# Load Placement
Reading helloworldfpga.place.

Successfully read helloworldfpga.place.

# Load Placement took 0.01 seconds (max_rss 391.3 MiB, delta_rss +0.0 MiB)

# Computing router lookahead map
## Computing wire lookahead
Warning 4: Unable to find any sample location for segment CHANX type 'generic' (length 1)
Warning 5: Unable to find any sample location for segment CHANY type 'generic' (length 1)
Warning 6: Unable to find any sample location for segment CHANX type 'pad' (length 1)
Warning 7: Unable to find any sample location for segment CHANY type 'pad' (length 1)
## Computing wire lookahead took 82.22 seconds (max_rss 391.3 MiB, delta_rss +0.0 MiB)
## Computing src/opin lookahead
## Computing src/opin lookahead took 0.00 seconds (max_rss 391.3 MiB, delta_rss +0.0 MiB)
# Computing router lookahead map took 82.22 seconds (max_rss 391.3 MiB, delta_rss +0.0 MiB)
# Routing
  RR Graph Nodes: 1396446
  RR Graph Edges: 2337988
Confirming router algorithm: TIMING_DRIVEN.
## Initializing router criticalities
Initial Net Connection Criticality Histogram:
[        0:      0.1) 686 ( 62.8%) |***********************************************
[      0.1:      0.2)   0 (  0.0%) |
[      0.2:      0.3)   8 (  0.7%) |*
[      0.3:      0.4)  54 (  4.9%) |****
[      0.4:      0.5)  35 (  3.2%) |**
[      0.5:      0.6)  33 (  3.0%) |**
[      0.6:      0.7)  28 (  2.6%) |**
[      0.7:      0.8)  31 (  2.8%) |**
[      0.8:      0.9)  50 (  4.6%) |***
[      0.9:        1) 168 ( 15.4%) |************
## Initializing router criticalities took 0.01 seconds (max_rss 449.8 MiB, delta_rss +0.0 MiB)
---- ------ ------- ---- ------- ------- ------- ----------------- --------------- -------- ---------- ---------- ---------- ---------- --------
Iter   Time    pres  BBs    Heap  Re-Rtd  Re-Rtd Overused RR Nodes      Wirelength      CPD       sTNS       sWNS       hTNS       hWNS Est Succ
      (sec)     fac Updt    push    Nets   Conns                                       (ns)       (ns)       (ns)       (ns)       (ns)     Iter
---- ------ ------- ---- ------- ------- ------- ----------------- --------------- -------- ---------- ---------- ---------- ---------- --------
   1   29.5     0.0    0 3.1e+07      89    1093    1768 ( 0.127%)   26250 ( 1.9%)   58.764     -1748.    -58.764      0.000      0.000      N/A
   2   23.9     4.0    0 2.3e+07      81     741     932 ( 0.067%)   27376 ( 1.9%)   58.801     -1752.    -58.801      0.000      0.000      N/A
   3   20.6     5.2    0 1.9e+07      59     550     573 ( 0.041%)   27367 ( 1.9%)   58.873     -1757.    -58.873      0.000      0.000      N/A
   4   15.7     6.8    0 1.5e+07      47     433     357 ( 0.026%)   27824 ( 2.0%)   58.873     -1758.    -58.873      0.000      0.000      N/A
   5   14.7     8.8    0 1.4e+07      36     296     298 ( 0.021%)   27930 ( 2.0%)   58.921     -1762.    -58.921      0.000      0.000      N/A
   6   13.3    11.4    0 1.3e+07      29     233     193 ( 0.014%)   28213 ( 2.0%)   58.887     -1765.    -58.887      0.000      0.000      N/A
   7    8.7    14.9    0 8951093      22     158     125 ( 0.009%)   28287 ( 2.0%)   58.762     -1766.    -58.762      0.000      0.000      N/A
   8    6.7    19.3    0 6940971      22     131      72 ( 0.005%)   28301 ( 2.0%)   58.971     -1767.    -58.971      0.000      0.000      N/A
   9    7.0    25.1    0 6771594      16      86      68 ( 0.005%)   28439 ( 2.0%)   59.031     -1772.    -59.031      0.000      0.000      N/A
  10    5.7    32.6    0 5542881      11      63      51 ( 0.004%)   28538 ( 2.0%)   59.031     -1772.    -59.031      0.000      0.000       19
  11    3.6    42.4    0 3412736      10      47      21 ( 0.002%)   28753 ( 2.0%)   58.934     -1773.    -58.934      0.000      0.000       22
  12    1.1    55.1    0 1094570       7      19      12 ( 0.001%)   28737 ( 2.0%)   58.725     -1772.    -58.725      0.000      0.000       19
  13    0.7    71.7    0  587852       5       9       6 ( 0.000%)   28778 ( 2.0%)   58.725     -1772.    -58.725      0.000      0.000       18
  14    1.0    93.2    0  913123       6      13       6 ( 0.000%)   28779 ( 2.0%)   58.725     -1772.    -58.725      0.000      0.000       17
  15    0.3   121.1    0  227211       3       4       6 ( 0.000%)   28788 ( 2.0%)   58.725     -1772.    -58.725      0.000      0.000       17
  16    1.1   157.5    0 1033298       3       5       6 ( 0.000%)   28852 ( 2.0%)   58.725     -1773.    -58.725      0.000      0.000       18
  17    0.5   204.7    0  383880       2       4       3 ( 0.000%)   28860 ( 2.0%)   58.725     -1773.    -58.725      0.000      0.000       19
  18    0.5   266.2    0  390423       2       4       3 ( 0.000%)   28860 ( 2.0%)   58.725     -1773.    -58.725      0.000      0.000       20
  19    1.7   346.0    0 1322495       3       7       0 ( 0.000%)   28948 ( 2.0%)   58.725     -1773.    -58.725      0.000      0.000       21
Restoring best routing
Critical path: 58.7248 ns
Successfully routed after 19 routing iterations.
Final Net Connection Criticality Histogram:
[        0:      0.1) 686 ( 62.8%) |***********************************************
[      0.1:      0.2)   0 (  0.0%) |
[      0.2:      0.3)   2 (  0.2%) |
[      0.3:      0.4)  52 (  4.8%) |****
[      0.4:      0.5)  26 (  2.4%) |**
[      0.5:      0.6)  44 (  4.0%) |***
[      0.6:      0.7)  37 (  3.4%) |***
[      0.7:      0.8)  36 (  3.3%) |**
[      0.8:      0.9)  52 (  4.8%) |****
[      0.9:        1) 158 ( 14.5%) |***********
Router Stats: total_nets_routed: 453 total_connections_routed: 3896 total_heap_pushes: 151654324 total_heap_pops: 131397421
# Routing took 159.70 seconds (max_rss 449.8 MiB, delta_rss +58.5 MiB)

Checking to ensure routing is legal...
Completed routing consistency check successfully.

Serial number (magic cookie) for the routing is: -1624112301
Circuit successfully routed with a channel width factor of 100.

Incr Slack updates 20 in 0.000760208 sec
Full Max Req/Worst Slack updates 5 in 6.5418e-05 sec
Incr Max Req/Worst Slack updates 15 in 0.000179686 sec
Incr Criticality updates 8 in 0.000286145 sec
Full Criticality updates 12 in 0.000533594 sec

Average number of bends per net: 269.910  Maximum # of bends: 6451

Number of global nets: 0
Number of routed nets (nonglobal): 89
Wire length results (in units of 1 clb segments)...
	Total wirelength: 27365, average net length: 307.472
	Maximum net length: 8428

Wire length results in terms of physical segments...
	Total wiring segments used: 24614, average wire segments per net: 276.562
	Maximum segments used by a net: 6711
	Total local nets with reserved CLB opins: 0

Routing channel utilization histogram:
[        1:      inf)    0 (  0.0%) |
[      0.9:        1)   42 (  1.6%) |*
[      0.8:      0.9)    0 (  0.0%) |
[      0.7:      0.8)    6 (  0.2%) |
[      0.5:      0.6)    0 (  0.0%) |
[      0.4:      0.5)    0 (  0.0%) |
[      0.3:      0.4)   12 (  0.5%) |
[      0.2:      0.3)   68 (  2.6%) |*
[      0.1:      0.2)   60 (  2.3%) |*
[        0:      0.1) 2396 ( 92.7%) |**********************************************
Maximum routing channel utilization:         1 at (1,3)

X - Directed channels:   j max occ ave occ capacity
                      ---- ------- ------- --------
                         0       2   0.923        2
                         1     161  10.026      221
                         2       0   0.000        0
                         3      83  19.256      635
                         4      70   2.821      623
                         5      72   2.436      658
                         6      78   2.282      623
                         7      74   3.308      623
                         8      28   2.128      623
                         9       8   0.564      623
                        10      11   0.949      665
                        11      64   2.308      623
                        12      76   3.692      647
                        13      76   4.128      623
                        14     193  29.308      623
                        15     248  35.513      623
                        16     241  31.538      623
                        17     246  36.667      623
                        18     259  45.897      725
                        19     224  46.974      623
                        20     218  37.795      623
                        21     223  22.974      623
                        22       0   0.000      623
                        23      11   0.282      623
                        24      11   0.282      623
                        25       0   0.000      657
                        26       0   0.000      634
                        27       9   0.231      623
                        28      11   0.564      623
                        29       0   0.000      624
                        30       0   0.000      625
                        31       0   0.000      626
                        32      29   1.821      786
                        33       0   0.000      269
Y - Directed channels:   i max occ ave occ capacity
                      ---- ------- ------- --------
                         0       0   0.000        2
                         1      47   4.057      287
                         2       1   0.029        4
                         3     179  55.286      848
                         4      36   3.857      874
                         5      46   2.143      819
                         6      23   4.171      760
                         7      46   2.829      761
                         8       6   1.114      761
                         9      46   4.886      761
                        10      29   5.600      757
                        11      27   4.143      775
                        12     168  16.514      757
                        13     181  29.057      761
                        14     251  51.029      761
                        15     236  46.886      761
                        16     214  46.600      761
                        17     225  35.943      761
                        18     210  37.629      761
                        19     157  23.429      816
                        20     170  22.229      761
                        21       8   0.371      883
                        22       0   0.000      761
                        23       0   0.000      761
                        24       0   0.000      761
                        25       0   0.000      761
                        26       0   0.000      757
                        27       0   0.000      775
                        28       0   0.000      757
                        29       0   0.000      761
                        30       0   0.000      761
                        31       0   0.000      761
                        32       0   0.000      761
                        33       0   0.000      763
                        34       0   0.000      762
                        35       0   0.000      764
                        36       0   0.000     1024
                        37       0   0.000      164

Total tracks in x-direction: 19611, in y-direction: 27046

Logic area (in minimum width transistor areas, excludes I/Os and empty grid tiles)...
	Total logic block area (Warning, need to add pitch of routing to blocks with height > 3): 1.3515e+07
	Total used logic block area: 870000

Routing area (in minimum width transistor areas)...
	Assuming no buffer sharing (pessimistic). Total: 1.07847e+09, per logic tile: 790090.
	Assuming buffer sharing (slightly optimistic). Total: 8.38760e+08, per logic tile: 614476.


Segment usage by type (index):    name type utilization
                               ------- ---- -----------
                                  sbox    2      0.0158
                                   vcc    3       0.101
                                   gnd    4       0.113
                                  hop1    5       0.021
                                  hop2    6      0.0267
                                  hop3    7      0.0128
                                  hop4    8      0.0175
                                 clock    9           0
                               special   10      0.0828

Segment usage by length: length utilization
                         ------ -----------
                              1      0.0164
                              2      0.0267
                              3      0.0128
                              4      0.0175


Final hold Worst Negative Slack (hWNS): 0 ns
Final hold Total Negative Slack (hTNS): 0 ns

Final hold slack histogram:
[  4.4e-09:    7e-09)  3 (  7.9%) |*********
[    7e-09:  9.7e-09)  8 ( 21.1%) |************************
[  9.7e-09:  1.2e-08) 16 ( 42.1%) |************************************************
[  1.2e-08:  1.5e-08)  5 ( 13.2%) |***************
[  1.5e-08:  1.8e-08)  1 (  2.6%) |***
[  1.8e-08:    2e-08)  2 (  5.3%) |******
[    2e-08:  2.3e-08)  0 (  0.0%) |
[  2.3e-08:  2.6e-08)  0 (  0.0%) |
[  2.6e-08:  2.8e-08)  0 (  0.0%) |
[  2.8e-08:  3.1e-08)  3 (  7.9%) |*********

Final critical path delay (least slack): 58.7248 ns, Fmax: 17.0286 MHz
Final setup Worst Negative Slack (sWNS): -58.7248 ns
Final setup Total Negative Slack (sTNS): -1773.04 ns

Final setup slack histogram:
[ -5.9e-08: -5.4e-08) 18 ( 47.4%) |************************************************
[ -5.4e-08: -4.8e-08) 12 ( 31.6%) |********************************
[ -4.8e-08: -4.3e-08)  0 (  0.0%) |
[ -4.3e-08: -3.8e-08)  0 (  0.0%) |
[ -3.8e-08: -3.3e-08)  0 (  0.0%) |
[ -3.3e-08: -2.8e-08)  3 (  7.9%) |********
[ -2.8e-08: -2.3e-08)  0 (  0.0%) |
[ -2.3e-08: -1.8e-08)  0 (  0.0%) |
[ -1.8e-08: -1.3e-08)  0 (  0.0%) |
[ -1.3e-08: -7.5e-09)  5 ( 13.2%) |*************

Final geomean non-virtual intra-domain period: 58.7248 ns (17.0286 MHz)
Final fanout-weighted geomean non-virtual intra-domain period: 58.7248 ns (17.0286 MHz)

Incr Slack updates 1 in 5.7708e-05 sec
Full Max Req/Worst Slack updates 1 in 1.5677e-05 sec
Incr Max Req/Worst Slack updates 0 in 0 sec
Incr Criticality updates 0 in 0 sec
Full Criticality updates 1 in 5.5782e-05 sec
Flow timing analysis took 0.0374501 seconds (0.0339492 STA, 0.00350094 slack) (21 full updates: 0 setup, 0 hold, 21 combined).
VPR succeeded
The entire flow of VPR took 248.58 seconds (max_rss 449.8 MiB)
