VPR FPGA Placement and Routing.
Version: 8.1.0-dev+dadca7ecf
Revision: v8.0.0-rc2-2909-gdadca7ecf
Compiled: 2023-03-16T05:56:59
Compiler: GNU 10.2.1 on Linux-5.4.0-faked aarch64
Build Info: release IPO VTR_ASSERT_LEVEL=2

University of Toronto
verilogtorouting.org
vtr-users@googlegroups.com
This is free open source code under MIT license.

VPR was run with the following command-line:
vpr /data/data/com.termux/files/home/symbiflow/quicklogic-arch-defs/share/arch/ql-eos-s3_wlcsp/arch.timing.xml disp_counter.eblif --device ql-eos-s3 --max_router_iterations 500 --routing_failure_predictor off --router_high_fanout_threshold -1 --constant_net_method route --route_chan_width 100 --clock_modeling route --place_delay_model delta_override --router_lookahead map --check_route quick --strict_checks off --allow_dangling_combinational_nodes on --disable_errors check_unbuffered_edges:check_route --congested_routing_iteration_threshold 0.8 --incremental_reroute_delay_ripup off --base_cost_type delay_normalized_length_bounded --bb_factor 10 --initial_pres_fac 4.0 --check_rr_graph off --suppress_warnings ,sum_pin_class:check_unbuffered_edges:load_rr_indexed_data_T_values:check_rr_node:trans_per_R:check_route:set_rr_graph_tool_comment:warn_model_missing_timing --read_rr_graph /data/data/com.termux/files/home/symbiflow/quicklogic-arch-defs/share/arch/ql-eos-s3_wlcsp/rr_graph_ql-eos-s3_wlcsp.rr_graph.real.bin --read_placement_delay_lookup /data/data/com.termux/files/home/symbiflow/quicklogic-arch-defs/share/arch/ql-eos-s3_wlcsp/rr_graph_ql-eos-s3_wlcsp.place_delay.bin --sdc_file /sdcard/Download/vaman/vaman/fpga/assignment/codes/build/disp_counter_dummy.sdc --fix_clusters disp_counter_constraints.place --place


Architecture file: /data/data/com.termux/files/home/symbiflow/quicklogic-arch-defs/share/arch/ql-eos-s3_wlcsp/arch.timing.xml
Circuit name: disp_counter

# Loading Architecture Description
# Loading Architecture Description took 0.95 seconds (max_rss 26.6 MiB, delta_rss +23.4 MiB)
# Building complex block graph
# Building complex block graph took 0.28 seconds (max_rss 33.3 MiB, delta_rss +6.7 MiB)
# Load circuit
# Load circuit took 0.03 seconds (max_rss 34.9 MiB, delta_rss +1.6 MiB)
# Clean circuit
Absorbed 1035 LUT buffers
Inferred  106 additional primitive pins as constant generators since they have no combinationally connected inputs
Inferred   38 additional primitive pins as constant generators due to constant inputs
Inferred    0 additional primitive pins as constant generators since they have no combinationally connected inputs
Inferred    0 additional primitive pins as constant generators due to constant inputs
Inferred    0 additional primitive pins as constant generators since they have no combinationally connected inputs
Inferred    0 additional primitive pins as constant generators due to constant inputs
Swept input(s)      : 0
Swept output(s)     : 0 (0 dangling, 0 constant)
Swept net(s)        : 141
Swept block(s)      : 1
Constant Pins Marked: 144
# Clean circuit took 0.02 seconds (max_rss 35.6 MiB, delta_rss +0.8 MiB)
# Compress circuit
# Compress circuit took 0.00 seconds (max_rss 35.6 MiB, delta_rss +0.0 MiB)
# Verify circuit
# Verify circuit took 0.00 seconds (max_rss 35.6 MiB, delta_rss +0.0 MiB)
Circuit Statistics:
  Blocks: 134
    .output   :       7
    ASSP      :       1
    BIDIR_CELL:       7
    C_FRAG    :      33
    F_FRAG    :       2
    GND       :       1
    Q_FRAG    :      36
    T_FRAG    :      46
    VCC       :       1
  Nets  : 127
    Avg Fanout:     9.4
    Max Fanout:   545.0
    Min Fanout:     1.0
  Netlist Clocks: 1
# Build Timing Graph
  Timing Graph Nodes: 1325
  Timing Graph Edges: 2149
  Timing Graph Levels: 24
# Build Timing Graph took 0.00 seconds (max_rss 35.6 MiB, delta_rss +0.0 MiB)
Netlist contains 1 clocks
  Netlist Clock 'clk' Fanout: 36 pins (2.7%), 36 blocks (26.9%)
# Load Timing Constraints

SDC file '/sdcard/Download/vaman/vaman/fpga/assignment/codes/build/disp_counter_dummy.sdc' contained no SDC commands
Setting default timing constraints:
   * constrain all primay inputs and primary outputs on netlist clock 'clk'
   * optimize netlist clock to run as fast as possible
Timing constraints created 1 clocks
  Constrained Clock 'clk' Source: 'u_qlal4s3b_cell_macro.Sys_Clk0[0]'

# Load Timing Constraints took 0.00 seconds (max_rss 35.6 MiB, delta_rss +0.0 MiB)
Timing analysis: ON
Circuit netlist file: disp_counter.net
Circuit placement file: disp_counter.place
Circuit routing file: disp_counter.route
Circuit SDC file: /sdcard/Download/vaman/vaman/fpga/assignment/codes/build/disp_counter_dummy.sdc

Packer: ENABLED
Placer: ENABLED
Router: DISABLED
Analysis: DISABLED

NetlistOpts.abosrb_buffer_luts            : true
NetlistOpts.sweep_dangling_primary_ios    : true
NetlistOpts.sweep_dangling_nets           : true
NetlistOpts.sweep_dangling_blocks         : true
NetlistOpts.sweep_constant_primary_outputs: false
NetlistOpts.netlist_verbosity             : 1
NetlistOpts.const_gen_inference           : COMB_SEQ

PackerOpts.allow_unrelated_clustering: auto
PackerOpts.alpha_clustering: 0.750000
PackerOpts.beta_clustering: 0.900000
PackerOpts.cluster_seed_type: BLEND2
PackerOpts.connection_driven: true
PackerOpts.global_clocks: true
PackerOpts.hill_climbing_flag: false
PackerOpts.inter_cluster_net_delay: 1.000000
PackerOpts.timing_driven: true
PackerOpts.target_external_pin_util: auto

PlacerOpts.place_freq: PLACE_ONCE
PlacerOpts.place_algorithm: CRITICALITY_TIMING_PLACE
PlacerOpts.pad_loc_type: FREE
PlacerOpts.constraints_file: Using constraints file 'disp_counter_constraints.place'
PlacerOpts.place_cost_exp: 1.000000
PlacerOpts.place_chan_width: 100
PlacerOpts.inner_loop_recompute_divider: 0
PlacerOpts.recompute_crit_iter: 1
PlacerOpts.timing_tradeoff: 0.500000
PlacerOpts.td_place_exp_first: 1.000000
PlacerOpts.td_place_exp_last: 8.000000
PlacerOpts.delay_offset: 0.000000
PlacerOpts.delay_ramp_delta_threshold: -1
PlacerOpts.delay_ramp_slope: 0.000000
PlacerOpts.tsu_rel_margin: 1.000000
PlacerOpts.tsu_abs_margin: 0.000000
PlacerOpts.post_place_timing_report_file: 
PlacerOpts.allowed_tiles_for_delay_model: 
PlacerOpts.delay_model_reducer: MIN
PlacerOpts.delay_model_type: DELTA_OVERRIDE
PlacerOpts.rlim_escape_fraction: 0.000000
PlacerOpts.move_stats_file: 
PlacerOpts.placement_saves_per_temperature: 0
PlacerOpts.effort_scaling: CIRCUIT
PlacerOpts.place_delta_delay_matrix_calculation_method: ASTAR_ROUTE
PlaceOpts.seed: 1
AnnealSched.type: AUTO_SCHED
AnnealSched.inner_num: 1.000000

RoutingArch.directionality: BI_DIRECTIONAL
RoutingArch.switch_block_type: WILTON
RoutingArch.Fs: 3

# Load Packing
Begin loading packed FPGA netlist file.
Netlist generated from file 'disp_counter.net'.
Detected 2 constant generators (to see names run with higher pack verbosity)
Finished loading packed FPGA netlist file (took 0.074764 seconds).
# Load Packing took 0.09 seconds (max_rss 36.7 MiB, delta_rss +1.0 MiB)
Warning 1: Netlist contains 0 global net to non-global architecture pin connections
Warning 2: Logic block #64 ($false) has only 1 output pin '$false.GND0_GND[0]'. It may be a constant generator.
Warning 3: Logic block #65 ($true) has only 1 output pin '$true.VCC0_VCC[0]'. It may be a constant generator.

Netlist num_nets: 93
Netlist num_blocks: 66
Netlist EMPTY blocks: 0.
Netlist PB-GMUX blocks: 0.
Netlist PB-LOGIC blocks: 56.
Netlist PB-CLOCK blocks: 0.
Netlist PB-MULT blocks: 0.
Netlist PB-SDIOMUX blocks: 0.
Netlist PB-RAM blocks: 0.
Netlist PB-SYN_VCC blocks: 1.
Netlist PB-BIDIR blocks: 7.
Netlist PB-SYN_GND blocks: 1.
Netlist PB-ASSP blocks: 1.
Netlist inputs pins: 0
Netlist output pins: 21


Pb types usage...
  PB-LOGIC          : 56
   LOGIC            : 56
    FRAGS           : 56
     c_frag_modes   : 56
      SINGLE        : 33
       c_frag       : 33
      SPLIT         : 23
       b_frag       : 23
       t_frag       : 23
     f_frag         : 2
     q_frag_modes   : 36
      INT           : 27
       q_frag       : 27
      EXT           : 9
       q_frag       : 9
  PB-SYN_VCC        : 1
   VCC              : 1
  PB-BIDIR          : 7
   BIDIR            : 7
    OUTPUT          : 7
     bidir          : 7
     outpad         : 7
  PB-SYN_GND        : 1
   GND              : 1
  PB-ASSP           : 1
   ASSP             : 1

# Create Device
## Build Device Grid
FPGA sized to 39 x 35: 1365 grid tiles (ql-eos-s3)

Resource usage...
	Netlist
		0	blocks of type: PB-GMUX
	Architecture
		5	blocks of type: TL-GMUX
	Netlist
		56	blocks of type: PB-LOGIC
	Architecture
		891	blocks of type: TL-LOGIC
	Netlist
		0	blocks of type: PB-CLOCK
	Architecture
		5	blocks of type: TL-CLOCK
	Netlist
		0	blocks of type: PB-MULT
	Architecture
		2	blocks of type: TL-MULT
	Netlist
		0	blocks of type: PB-SDIOMUX
	Architecture
		14	blocks of type: TL-SDIOMUX
	Netlist
		0	blocks of type: PB-RAM
	Architecture
		4	blocks of type: TL-RAM
	Netlist
		1	blocks of type: PB-SYN_VCC
	Architecture
		1	blocks of type: TL-SYN_VCC
	Netlist
		7	blocks of type: PB-BIDIR
	Architecture
		32	blocks of type: TL-BIDIR
	Netlist
		1	blocks of type: PB-SYN_GND
	Architecture
		1	blocks of type: TL-SYN_GND
	Netlist
		1	blocks of type: PB-ASSP
	Architecture
		1	blocks of type: TL-ASSP

Device Utilization: 0.05 (target 1.00)
	Physical Tile TL-LOGIC:
	Block Utilization: 0.06 Logical Block: PB-LOGIC
	Physical Tile TL-RAM:
	Block Utilization: 0.00 Logical Block: PB-RAM
	Physical Tile TL-MULT:
	Block Utilization: 0.00 Logical Block: PB-MULT
	Physical Tile TL-BIDIR:
	Block Utilization: 0.22 Logical Block: PB-BIDIR
	Physical Tile TL-CLOCK:
	Block Utilization: 0.00 Logical Block: PB-CLOCK
	Physical Tile TL-SDIOMUX:
	Block Utilization: 0.00 Logical Block: PB-SDIOMUX
	Physical Tile TL-GMUX:
	Block Utilization: 0.00 Logical Block: PB-GMUX
	Physical Tile TL-ASSP:
	Block Utilization: 1.00 Logical Block: PB-ASSP
	Physical Tile TL-SYN_VCC:
	Block Utilization: 1.00 Logical Block: PB-SYN_VCC
	Physical Tile TL-SYN_GND:
	Block Utilization: 1.00 Logical Block: PB-SYN_GND

## Build Device Grid took 0.02 seconds (max_rss 36.7 MiB, delta_rss +0.0 MiB)
## Loading routing resource graph


## Loading routing resource graph took 1.40 seconds (max_rss 343.4 MiB, delta_rss +306.7 MiB)
  RR Graph Nodes: 1396446
  RR Graph Edges: 2337988
# Create Device took 4.82 seconds (max_rss 391.0 MiB, delta_rss +354.3 MiB)

# Computing router lookahead map
## Computing wire lookahead
Warning 4: Unable to find any sample location for segment CHANX type 'generic' (length 1)
Warning 5: Unable to find any sample location for segment CHANY type 'generic' (length 1)
Warning 6: Unable to find any sample location for segment CHANX type 'pad' (length 1)
Warning 7: Unable to find any sample location for segment CHANY type 'pad' (length 1)
## Computing wire lookahead took 82.05 seconds (max_rss 391.0 MiB, delta_rss +0.0 MiB)
## Computing src/opin lookahead
## Computing src/opin lookahead took 0.00 seconds (max_rss 391.0 MiB, delta_rss +0.0 MiB)
# Computing router lookahead map took 82.05 seconds (max_rss 391.0 MiB, delta_rss +0.0 MiB)
# Placement
## Computing placement delta delay look-up
  RR Graph Nodes: 1396446
  RR Graph Edges: 2337988
## Computing placement delta delay look-up took 3.19 seconds (max_rss 449.1 MiB, delta_rss +58.1 MiB)
Warning 8: CHANX place cost fac is 0 at 2 2
Warning 9: CHANX place cost fac is 0 at 34 34
Warning 10: CHANY place cost fac is 0 at 38 38
## Initial Placement
Reading disp_counter_constraints.place.

Successfully read disp_counter_constraints.place.

## Initial Placement took 0.00 seconds (max_rss 449.1 MiB, delta_rss +0.0 MiB)

There are 1141 point to point connections in this circuit.


BB estimate of min-dist (placement) wire length: 4820

Completed placement consistency check successfully.
Initial placement cost: 1 bb_cost: 7.17731 td_cost: 2.21239e-06
Initial placement estimated Critical Path Delay (CPD): 103.919 ns
Initial placement estimated setup Total Negative Slack (sTNS): -3480.95 ns
Initial placement estimated setup Worst Negative Slack (sWNS): -103.919 ns

Initial placement estimated setup slack histogram:
[   -1e-07: -9.4e-08) 12 ( 24.5%) |*****************************
[ -9.4e-08: -8.5e-08) 20 ( 40.8%) |************************************************
[ -8.5e-08: -7.5e-08)  2 (  4.1%) |*****
[ -7.5e-08: -6.5e-08)  0 (  0.0%) |
[ -6.5e-08: -5.6e-08)  0 (  0.0%) |
[ -5.6e-08: -4.6e-08)  0 (  0.0%) |
[ -4.6e-08: -3.7e-08)  1 (  2.0%) |**
[ -3.7e-08: -2.7e-08)  4 (  8.2%) |**********
[ -2.7e-08: -1.7e-08)  3 (  6.1%) |*******
[ -1.7e-08: -7.7e-09)  7 ( 14.3%) |*****************
Placement contains 0 placement macros involving 0 blocks (average macro size nan)

Moves per temperature: 266
Warning 11: Starting t: 63 of 66 configurations accepted.

---- ------ ------- ------- ---------- ---------- ------- ---------- -------- ------- ------- ------ -------- --------- ------
Tnum   Time       T Av Cost Av BB Cost Av TD Cost     CPD       sTNS     sWNS Ac Rate Std Dev  R lim Crit Exp Tot Moves  Alpha
      (sec)                                          (ns)       (ns)     (ns)                                                 
---- ------ ------- ------- ---------- ---------- ------- ---------- -------- ------- ------- ------ -------- --------- ------
   1    0.0 4.8e-01   1.025       7.07 2.1335e-06 102.435  -3.42e+03 -102.435   0.940  0.0225   38.0     1.00       266  0.200
   2    0.0 4.4e-01   0.994       7.00 2.1176e-06 107.287   -3.6e+03 -107.287   0.910  0.0142   38.0     1.00       532  0.900
   3    0.0 3.9e-01   0.988       7.08 2.03e-06   120.013  -3.81e+03 -120.013   0.940  0.0195   38.0     1.00       798  0.900
   4    0.0 3.5e-01   1.015       7.25 2.1929e-06 110.500  -3.61e+03 -110.500   0.921  0.0218   38.0     1.00      1064  0.900
   5    0.0 3.2e-01   1.009       7.16 2.2664e-06 110.774  -3.84e+03 -110.774   0.936  0.0260   38.0     1.00      1330  0.900
   6    0.0 2.9e-01   0.992       7.28 2.1898e-06 121.191  -3.92e+03 -121.191   0.951  0.0229   38.0     1.00      1596  0.900
   7    0.0 2.6e-01   0.973       7.28 2.2003e-06 118.806  -4.07e+03 -118.806   0.944  0.0250   38.0     1.00      1862  0.900
   8    0.0 2.3e-01   0.953       6.88 2.0422e-06 122.185  -4.09e+03 -122.185   0.959  0.0159   38.0     1.00      2128  0.900
   9    0.0 2.1e-01   1.011       7.12 2.1839e-06 111.817  -3.75e+03 -111.817   0.951  0.0203   38.0     1.00      2394  0.900
  10    0.0 1.9e-01   1.000       7.16 2.1826e-06 106.953   -3.6e+03 -106.953   0.940  0.0246   38.0     1.00      2660  0.900
  11    0.0 1.7e-01   1.008       7.10 2.2578e-06 108.137  -3.75e+03 -108.137   0.947  0.0261   38.0     1.00      2926  0.900
  12    0.0 1.5e-01   1.016       7.05 2.0964e-06 117.473  -3.85e+03 -117.473   0.929  0.0269   38.0     1.00      3192  0.900
  13    0.0 1.4e-01   0.985       6.88 2.1157e-06 111.648  -3.86e+03 -111.648   0.898  0.0360   38.0     1.00      3458  0.900
  14    0.0 1.2e-01   0.993       7.07 2.1023e-06 120.718  -4.18e+03 -120.718   0.936  0.0217   38.0     1.00      3724  0.900
  15    0.0 1.1e-01   0.991       7.24 2.0378e-06 123.420  -4.05e+03 -123.420   0.940  0.0260   38.0     1.00      3990  0.900
  16    0.0 1.0e-01   0.974       7.12 2.1041e-06 120.341  -3.93e+03 -120.341   0.947  0.0387   38.0     1.00      4256  0.900
  17    0.0 9.0e-02   0.987       7.02 2.1013e-06 116.897  -3.99e+03 -116.897   0.951  0.0188   38.0     1.00      4522  0.900
  18    0.0 8.1e-02   1.030       7.14 2.1772e-06 100.303  -3.34e+03 -100.303   0.929  0.0286   38.0     1.00      4788  0.900
  19    0.0 7.3e-02   0.939       7.09 2.096e-06  117.008  -3.85e+03 -117.008   0.929  0.0213   38.0     1.00      5054  0.900
  20    0.0 6.5e-02   0.973       7.05 2.1001e-06 116.858  -3.94e+03 -116.858   0.914  0.0271   38.0     1.00      5320  0.900
  21    0.0 5.9e-02   0.986       6.89 1.999e-06  111.518   -3.6e+03 -111.518   0.891  0.0178   38.0     1.00      5586  0.900
  22    0.0 5.3e-02   1.075       7.11 2.1974e-06 105.441  -3.62e+03 -105.441   0.891  0.0389   38.0     1.00      5852  0.900
  23    0.0 4.8e-02   1.009       7.09 2.2e-06    116.679  -4.03e+03 -116.679   0.883  0.0271   38.0     1.00      6118  0.900
  24    0.0 4.3e-02   0.996       7.14 2.1402e-06 107.810  -3.53e+03 -107.810   0.891  0.0178   38.0     1.00      6384  0.900
  25    0.0 3.9e-02   0.971       7.08 2.2058e-06 106.290  -3.62e+03 -106.290   0.891  0.0214   38.0     1.00      6650  0.900
  26    0.0 3.5e-02   0.966       6.99 1.9452e-06 117.904  -3.92e+03 -117.904   0.872  0.0237   38.0     1.00      6916  0.900
  27    0.0 3.1e-02   0.995       6.92 2.0219e-06 115.964   -3.8e+03 -115.964   0.861  0.0221   38.0     1.00      7182  0.900
  28    0.0 2.8e-02   0.984       7.00 1.9844e-06 119.413  -3.91e+03 -119.413   0.876  0.0200   38.0     1.00      7448  0.900
  29    0.0 2.5e-02   0.994       6.77 2.0642e-06 105.258  -3.56e+03 -105.258   0.880  0.0184   38.0     1.00      7714  0.900
  30    0.0 2.3e-02   0.997       6.75 1.9743e-06 114.787  -3.83e+03 -114.787   0.816  0.0239   38.0     1.00      7980  0.900
  31    0.0 2.1e-02   0.994       6.82 2.0681e-06 107.222   -3.8e+03 -107.222   0.786  0.0218   38.0     1.00      8246  0.900
  32    0.0 1.9e-02   0.965       6.72 2.0356e-06 107.389  -3.54e+03 -107.389   0.820  0.0295   38.0     1.00      8512  0.950
  33    0.0 1.8e-02   0.984       6.91 2.0814e-06 105.682  -3.46e+03 -105.682   0.808  0.0217   38.0     1.00      8778  0.900
  34    0.0 1.6e-02   1.009       6.71 2.0638e-06  96.520  -3.37e+03  -96.520   0.756  0.0222   38.0     1.00      9044  0.900
  35    0.0 1.5e-02   0.974       6.80 1.8686e-06 113.897  -3.66e+03 -113.897   0.752  0.0358   38.0     1.00      9310  0.950
  36    0.0 1.4e-02   0.991       6.54 1.846e-06  108.018   -3.6e+03 -108.018   0.759  0.0402   38.0     1.00      9576  0.950
  37    0.0 1.4e-02   0.983       6.53 1.9737e-06 102.625  -3.46e+03 -102.625   0.722  0.0183   38.0     1.00      9842  0.950
  38    0.0 1.3e-02   0.997       6.53 1.9497e-06 107.112  -3.69e+03 -107.112   0.714  0.0345   38.0     1.00     10108  0.950
  39    0.0 1.2e-02   0.979       6.82 1.8732e-06 135.817  -4.53e+03 -135.817   0.771  0.0157   38.0     1.00     10374  0.950
  40    0.0 1.2e-02   0.989       6.65 2.0437e-06 104.638  -3.63e+03 -104.638   0.692  0.0308   38.0     1.00     10640  0.950
  41    0.0 1.1e-02   0.959       6.61 1.9646e-06  99.817  -3.34e+03  -99.817   0.737  0.0243   38.0     1.00     10906  0.950
  42    0.0 1.0e-02   0.976       6.44 1.8582e-06 116.421  -3.77e+03 -116.421   0.703  0.0237   38.0     1.00     11172  0.950
  43    0.0 9.9e-03   0.944       6.63 1.8919e-06 119.365  -4.06e+03 -119.365   0.737  0.0246   38.0     1.00     11438  0.950
  44    0.0 9.5e-03   0.932       6.27 1.8504e-06 105.869  -3.56e+03 -105.869   0.643  0.0266   38.0     1.00     11704  0.950
  45    0.0 9.0e-03   1.038       6.13 1.9071e-06  95.451  -3.19e+03  -95.451   0.624  0.0167   38.0     1.00     11970  0.950
  46    0.0 8.5e-03   0.997       6.25 1.8924e-06  91.741  -3.17e+03  -91.741   0.617  0.0183   38.0     1.00     12236  0.950
  47    0.0 8.1e-03   1.009       6.56 1.9091e-06 104.157  -3.46e+03 -104.157   0.635  0.0173   38.0     1.00     12502  0.950
  48    0.0 7.7e-03   0.981       6.20 1.9289e-06 114.230  -3.85e+03 -114.230   0.586  0.0288   38.0     1.00     12768  0.950
  49    0.0 7.3e-03   0.977       5.73 1.7621e-06  97.364  -3.38e+03  -97.364   0.534  0.0168   38.0     1.00     13034  0.950
  50    0.0 6.9e-03   0.987       5.88 1.7303e-06 105.373  -3.34e+03 -105.373   0.553  0.0195   38.0     1.00     13300  0.950
  51    0.0 6.6e-03   0.995       5.97 1.7366e-06 103.930  -3.35e+03 -103.930   0.500  0.0149   38.0     1.00     13566  0.950
  52    0.0 6.3e-03   0.966       5.80 1.6884e-06 104.998  -3.47e+03 -104.998   0.447  0.0221   38.0     1.00     13832  0.950
  53    0.0 6.0e-03   0.963       5.33 1.6206e-06  97.428  -3.24e+03  -97.428   0.365  0.0175   38.0     1.00     14098  0.950
  54    0.0 5.7e-03   0.954       5.00 1.3521e-06  83.276  -2.93e+03  -83.276   0.305  0.0297   35.1     1.54     14364  0.950
  55    0.0 5.4e-03   1.009       4.89 1.1127e-06  79.673   -2.8e+03  -79.673   0.308  0.0098   30.4     2.44     14630  0.950
  56    0.0 5.1e-03   0.990       4.81 9.4486e-07  87.759     -3e+03  -87.759   0.331  0.0096   26.4     3.20     14896  0.950
  57    0.0 4.9e-03   0.976       4.68 9.5929e-07  84.771  -2.96e+03  -84.771   0.252  0.0161   23.5     3.74     15162  0.950
  58    0.0 4.6e-03   0.971       4.61 7.3929e-07  84.691  -2.91e+03  -84.691   0.338  0.0186   19.1     4.58     15428  0.950
  59    0.0 4.4e-03   1.033       4.80 8.6263e-07  79.855   -2.8e+03  -79.855   0.338  0.0193   17.1     4.95     15694  0.950
  60    0.0 4.2e-03   0.980       4.62 8.1785e-07  77.637  -2.75e+03  -77.637   0.278  0.0305   15.4     5.28     15960  0.950
  61    0.0 4.0e-03   0.988       4.40 6.2806e-07  75.801  -2.58e+03  -75.801   0.301  0.0156   12.9     5.75     16226  0.950
  62    0.0 3.8e-03   0.996       4.30 6.0964e-07  78.145  -2.61e+03  -78.145   0.320  0.0207   11.1     6.09     16492  0.950
  63    0.0 3.6e-03   0.971       3.99 6.1354e-07  71.658  -2.48e+03  -71.658   0.297  0.0152    9.8     6.34     16758  0.950
  64    0.0 3.4e-03   0.975       3.90 5.7047e-07  66.917  -2.41e+03  -66.917   0.289  0.0100    8.4     6.61     17024  0.950
  65    0.0 3.2e-03   0.981       3.80 7.1838e-07  63.319  -2.34e+03  -63.319   0.346  0.0143    7.1     6.84     17290  0.950
  66    0.0 3.1e-03   1.011       3.67 7.1077e-07  60.709  -2.22e+03  -60.709   0.372  0.0089    6.4     6.97     17556  0.950
  67    0.0 2.9e-03   0.981       3.58 5.7171e-07  64.268  -2.25e+03  -64.268   0.357  0.0109    6.0     7.05     17822  0.950
  68    0.0 2.8e-03   0.985       3.51 4.9105e-07  70.288  -2.46e+03  -70.288   0.429  0.0175    5.5     7.15     18088  0.950
  69    0.0 2.6e-03   0.990       3.47 5.5097e-07  68.765  -2.41e+03  -68.765   0.365  0.0072    5.4     7.16     18354  0.950
  70    0.0 2.5e-03   0.986       3.42 5.4142e-07  64.325  -2.26e+03  -64.325   0.308  0.0109    5.0     7.24     18620  0.950
  71    0.0 2.4e-03   0.999       3.44 5.6847e-07  60.059  -2.18e+03  -60.059   0.421  0.0074    4.4     7.36     18886  0.950
  72    0.0 2.2e-03   0.990       3.31 5.0508e-07  64.029  -2.23e+03  -64.029   0.308  0.0097    4.3     7.38     19152  0.950
  73    0.0 2.1e-03   0.990       3.32 5.5071e-07  60.187  -2.14e+03  -60.187   0.410  0.0073    3.7     7.48     19418  0.950
  74    0.0 2.0e-03   1.006       3.37 5.0205e-07  64.603  -2.26e+03  -64.603   0.425  0.0058    3.6     7.51     19684  0.950
  75    0.0 1.9e-03   0.972       3.30 4.7479e-07  64.360  -2.25e+03  -64.360   0.368  0.0189    3.6     7.52     19950  0.950
  76    0.0 1.8e-03   0.995       3.18 4.9956e-07  64.339  -2.29e+03  -64.339   0.395  0.0071    3.3     7.56     20216  0.950
  77    0.0 1.7e-03   0.989       3.20 4.9407e-07  61.810  -2.19e+03  -61.810   0.320  0.0050    3.2     7.59     20482  0.950
  78    0.0 1.7e-03   1.004       3.15 5.5134e-07  62.081  -2.24e+03  -62.081   0.425  0.0053    2.8     7.66     20748  0.950
  79    0.0 1.6e-03   0.996       3.23 5.3759e-07  61.725  -2.21e+03  -61.725   0.346  0.0077    2.7     7.67     21014  0.950
  80    0.0 1.5e-03   0.994       3.16 4.9813e-07  65.179  -2.31e+03  -65.179   0.350  0.0045    2.5     7.72     21280  0.950
  81    0.0 1.4e-03   0.987       3.12 4.6022e-07  61.545  -2.17e+03  -61.545   0.376  0.0090    2.2     7.76     21546  0.950
  82    0.0 1.3e-03   0.986       3.04 5.0698e-07  62.226  -2.23e+03  -62.226   0.357  0.0078    2.1     7.79     21812  0.950
  83    0.0 1.3e-03   1.001       3.04 4.9575e-07  60.710  -2.18e+03  -60.710   0.451  0.0042    1.9     7.82     22078  0.950
  84    0.0 1.2e-03   0.994       3.02 5.0758e-07  59.493  -2.15e+03  -59.493   0.451  0.0116    2.0     7.82     22344  0.950
  85    0.0 1.2e-03   0.990       2.94 4.3903e-07  60.694  -2.15e+03  -60.694   0.338  0.0060    2.0     7.82     22610  0.950
  86    0.0 1.1e-03   1.000       2.92 4.2712e-07  60.595  -2.13e+03  -60.595   0.346  0.0029    1.8     7.85     22876  0.950
  87    0.0 1.0e-03   0.992       2.88 4.8549e-07  59.003  -2.12e+03  -59.003   0.320  0.0065    1.6     7.89     23142  0.950
  88    0.0 9.9e-04   0.996       2.87 4.8088e-07  59.518  -2.12e+03  -59.518   0.323  0.0054    1.4     7.92     23408  0.950
  89    0.0 9.4e-04   0.984       2.86 4.8858e-07  58.943  -2.13e+03  -58.943   0.305  0.0076    1.2     7.95     23674  0.950
  90    0.0 8.9e-04   0.997       2.83 4.1662e-07  57.603  -2.04e+03  -57.603   0.271  0.0054    1.1     7.99     23940  0.950
  91    0.0 8.5e-04   0.997       2.83 4.1606e-07  55.443  -2.01e+03  -55.443   0.248  0.0033    1.0     8.00     24206  0.950
  92    0.0 8.1e-04   0.989       2.79 4.1093e-07  56.202  -1.98e+03  -56.202   0.229  0.0052    1.0     8.00     24472  0.950
  93    0.0 7.7e-04   0.993       2.76 3.8307e-07  57.132  -1.99e+03  -57.132   0.241  0.0024    1.0     8.00     24738  0.950
  94    0.0 7.3e-04   0.995       2.71 4.3606e-07  56.427  -2.02e+03  -56.427   0.222  0.0035    1.0     8.00     25004  0.950
  95    0.0 6.9e-04   1.003       2.71 4.9505e-07  54.177  -1.98e+03  -54.177   0.203  0.0023    1.0     8.00     25270  0.950
  96    0.0 6.6e-04   0.991       2.73 3.5099e-07  57.036  -2.02e+03  -57.036   0.177  0.0038    1.0     8.00     25536  0.950
  97    0.0 6.2e-04   0.999       2.71 4.6081e-07  54.932     -2e+03  -54.932   0.169  0.0038    1.0     8.00     25802  0.950
  98    0.0 5.9e-04   1.000       2.71 4.473e-07   55.885  -2.01e+03  -55.885   0.147  0.0011    1.0     8.00     26068  0.950
  99    0.0 4.7e-04   0.998       2.70 4.358e-07   54.169  -1.94e+03  -54.169   0.147  0.0014    1.0     8.00     26334  0.800
 100    0.0 3.8e-04   0.997       2.70 4.066e-07   56.608  -2.03e+03  -56.608   0.098  0.0016    1.0     8.00     26600  0.800
 101    0.0 3.0e-04   0.997       2.69 4.2221e-07  54.863  -1.97e+03  -54.863   0.086  0.0010    1.0     8.00     26866  0.800
 102    0.0 2.4e-04   0.996       2.69 4.2564e-07  56.810  -2.03e+03  -56.810   0.060  0.0009    1.0     8.00     27132  0.800
 103    0.0 1.9e-04   1.000       2.70 4.0012e-07  54.863  -1.97e+03  -54.863   0.060  0.0004    1.0     8.00     27398  0.800
 104    0.0 1.6e-04   0.997       2.68 3.9633e-07  54.863  -1.97e+03  -54.863   0.068  0.0021    1.0     8.00     27664  0.800
 105    0.0 1.2e-04   0.999       2.67 3.8967e-07  54.989  -1.97e+03  -54.989   0.041  0.0009    1.0     8.00     27930  0.800
 106    0.0 9.9e-05   0.998       2.67 3.8795e-07  56.220  -2.01e+03  -56.220   0.023  0.0012    1.0     8.00     28196  0.800
 107    0.0 8.0e-05   0.999       2.67 3.883e-07   54.957  -1.97e+03  -54.957   0.011  0.0003    1.0     8.00     28462  0.800
 108    0.0 6.4e-05   0.999       2.66 3.8672e-07  56.188  -2.01e+03  -56.188   0.019  0.0005    1.0     8.00     28728  0.800
 109    0.0 0.0e+00   1.000       2.66 3.877e-07   56.188  -2.01e+03  -56.188   0.015  0.0002    1.0     8.00     28994  0.800
## Placement Quench took 0.00 seconds (max_rss 449.1 MiB)

BB estimate of min-dist (placement) wire length: 1681

Completed placement consistency check successfully.

Swaps called: 29060

Aborted Move Reasons:
  No moves aborted

Placement estimated critical path delay (least slack): 54.9567 ns, Fmax: 18.1961 MHz
Placement estimated setup Worst Negative Slack (sWNS): -54.9567 ns
Placement estimated setup Total Negative Slack (sTNS): -1967.23 ns

Placement estimated setup slack histogram:
[ -5.5e-08:   -5e-08) 15 ( 30.6%) |**************************************
[   -5e-08: -4.5e-08) 19 ( 38.8%) |************************************************
[ -4.5e-08: -4.1e-08)  0 (  0.0%) |
[ -4.1e-08: -3.6e-08)  0 (  0.0%) |
[ -3.6e-08: -3.1e-08)  0 (  0.0%) |
[ -3.1e-08: -2.6e-08)  5 ( 10.2%) |*************
[ -2.6e-08: -2.1e-08)  1 (  2.0%) |***
[ -2.1e-08: -1.6e-08)  0 (  0.0%) |
[ -1.6e-08: -1.2e-08)  2 (  4.1%) |*****
[ -1.2e-08: -6.9e-09)  7 ( 14.3%) |******************

Placement estimated geomean non-virtual intra-domain period: 54.9567 ns (18.1961 MHz)
Placement estimated fanout-weighted geomean non-virtual intra-domain period: 54.9567 ns (18.1961 MHz)

Placement cost: 0.999417, bb_cost: 2.65976, td_cost: 3.89676e-07, 

Placement resource usage:
  PB-LOGIC   implemented as TL-LOGIC  : 56
  PB-SYN_VCC implemented as TL-SYN_VCC: 1
  PB-BIDIR   implemented as TL-BIDIR  : 7
  PB-SYN_GND implemented as TL-SYN_GND: 1
  PB-ASSP    implemented as TL-ASSP   : 1

Placement number of temperatures: 109
Placement total # of swap attempts: 29060
	Swaps accepted: 15444 (53.1 %)
	Swaps rejected: 12144 (41.8 %)
	Swaps aborted :  1472 ( 5.1 %)
Placement Quench timing analysis took 0.000645729 seconds (0.000549948 STA, 9.5781e-05 slack) (1 full updates: 1 setup, 0 hold, 0 combined).
Placement Total  timing analysis took 0.0781627 seconds (0.0655254 STA, 0.0126373 slack) (111 full updates: 111 setup, 0 hold, 0 combined).
update_td_costs: connections 0 nets 0 sum_nets 0 total 0
Incr Slack updates 111 in 0.00336844 sec
Full Max Req/Worst Slack updates 89 in 0.00118521 sec
Incr Max Req/Worst Slack updates 22 in 0.000272709 sec
Incr Criticality updates 2 in 7.9688e-05 sec
Full Criticality updates 109 in 0.004995 sec
# Placement took 3.51 seconds (max_rss 449.1 MiB, delta_rss +58.1 MiB)

Flow timing analysis took 0.0781627 seconds (0.0655254 STA, 0.0126373 slack) (111 full updates: 111 setup, 0 hold, 0 combined).
VPR succeeded
The entire flow of VPR took 91.87 seconds (max_rss 449.1 MiB)
