VPR FPGA Placement and Routing.
Version: 8.1.0-dev+dadca7ecf
Revision: v8.0.0-rc2-2909-gdadca7ecf
Compiled: 2023-03-16T05:56:59
Compiler: GNU 10.2.1 on Linux-5.4.0-faked aarch64
Build Info: release IPO VTR_ASSERT_LEVEL=2

University of Toronto
verilogtorouting.org
vtr-users@googlegroups.com
This is free open source code under MIT license.

VPR was run with the following command-line:
vpr /data/data/com.termux/files/home/symbiflow/quicklogic-arch-defs/share/arch/ql-eos-s3_wlcsp/arch.timing.xml disp_counter.eblif --device ql-eos-s3 --max_router_iterations 500 --routing_failure_predictor off --router_high_fanout_threshold -1 --constant_net_method route --route_chan_width 100 --clock_modeling route --place_delay_model delta_override --router_lookahead map --check_route quick --strict_checks off --allow_dangling_combinational_nodes on --disable_errors check_unbuffered_edges:check_route --congested_routing_iteration_threshold 0.8 --incremental_reroute_delay_ripup off --base_cost_type delay_normalized_length_bounded --bb_factor 10 --initial_pres_fac 4.0 --check_rr_graph off --suppress_warnings ,sum_pin_class:check_unbuffered_edges:load_rr_indexed_data_T_values:check_rr_node:trans_per_R:check_route:set_rr_graph_tool_comment:warn_model_missing_timing --read_rr_graph /data/data/com.termux/files/home/symbiflow/quicklogic-arch-defs/share/arch/ql-eos-s3_wlcsp/rr_graph_ql-eos-s3_wlcsp.rr_graph.real.bin --read_placement_delay_lookup /data/data/com.termux/files/home/symbiflow/quicklogic-arch-defs/share/arch/ql-eos-s3_wlcsp/rr_graph_ql-eos-s3_wlcsp.place_delay.bin --sdc_file /sdcard/Download/vaman/vaman/fpga/assignment/codes/build/disp_counter_dummy.sdc --route


Architecture file: /data/data/com.termux/files/home/symbiflow/quicklogic-arch-defs/share/arch/ql-eos-s3_wlcsp/arch.timing.xml
Circuit name: disp_counter

# Loading Architecture Description
# Loading Architecture Description took 0.97 seconds (max_rss 27.0 MiB, delta_rss +23.8 MiB)
# Building complex block graph
# Building complex block graph took 0.28 seconds (max_rss 33.8 MiB, delta_rss +6.8 MiB)
# Load circuit
# Load circuit took 0.04 seconds (max_rss 35.4 MiB, delta_rss +1.6 MiB)
# Clean circuit
Absorbed 1035 LUT buffers
Inferred  106 additional primitive pins as constant generators since they have no combinationally connected inputs
Inferred   38 additional primitive pins as constant generators due to constant inputs
Inferred    0 additional primitive pins as constant generators since they have no combinationally connected inputs
Inferred    0 additional primitive pins as constant generators due to constant inputs
Inferred    0 additional primitive pins as constant generators since they have no combinationally connected inputs
Inferred    0 additional primitive pins as constant generators due to constant inputs
Swept input(s)      : 0
Swept output(s)     : 0 (0 dangling, 0 constant)
Swept net(s)        : 141
Swept block(s)      : 1
Constant Pins Marked: 144
# Clean circuit took 0.02 seconds (max_rss 36.2 MiB, delta_rss +0.8 MiB)
# Compress circuit
# Compress circuit took 0.00 seconds (max_rss 36.2 MiB, delta_rss +0.0 MiB)
# Verify circuit
# Verify circuit took 0.00 seconds (max_rss 36.2 MiB, delta_rss +0.0 MiB)
Circuit Statistics:
  Blocks: 134
    .output   :       7
    ASSP      :       1
    BIDIR_CELL:       7
    C_FRAG    :      33
    F_FRAG    :       2
    GND       :       1
    Q_FRAG    :      36
    T_FRAG    :      46
    VCC       :       1
  Nets  : 127
    Avg Fanout:     9.4
    Max Fanout:   545.0
    Min Fanout:     1.0
  Netlist Clocks: 1
# Build Timing Graph
  Timing Graph Nodes: 1325
  Timing Graph Edges: 2149
  Timing Graph Levels: 24
# Build Timing Graph took 0.00 seconds (max_rss 36.2 MiB, delta_rss +0.0 MiB)
Netlist contains 1 clocks
  Netlist Clock 'clk' Fanout: 36 pins (2.7%), 36 blocks (26.9%)
# Load Timing Constraints

SDC file '/sdcard/Download/vaman/vaman/fpga/assignment/codes/build/disp_counter_dummy.sdc' contained no SDC commands
Setting default timing constraints:
   * constrain all primay inputs and primary outputs on netlist clock 'clk'
   * optimize netlist clock to run as fast as possible
Timing constraints created 1 clocks
  Constrained Clock 'clk' Source: 'u_qlal4s3b_cell_macro.Sys_Clk0[0]'

# Load Timing Constraints took 0.00 seconds (max_rss 36.2 MiB, delta_rss +0.0 MiB)
Timing analysis: ON
Circuit netlist file: disp_counter.net
Circuit placement file: disp_counter.place
Circuit routing file: disp_counter.route
Circuit SDC file: /sdcard/Download/vaman/vaman/fpga/assignment/codes/build/disp_counter_dummy.sdc

Packer: ENABLED
Placer: ENABLED
Router: ENABLED
Analysis: ENABLED

NetlistOpts.abosrb_buffer_luts            : true
NetlistOpts.sweep_dangling_primary_ios    : true
NetlistOpts.sweep_dangling_nets           : true
NetlistOpts.sweep_dangling_blocks         : true
NetlistOpts.sweep_constant_primary_outputs: false
NetlistOpts.netlist_verbosity             : 1
NetlistOpts.const_gen_inference           : COMB_SEQ

PackerOpts.allow_unrelated_clustering: auto
PackerOpts.alpha_clustering: 0.750000
PackerOpts.beta_clustering: 0.900000
PackerOpts.cluster_seed_type: BLEND2
PackerOpts.connection_driven: true
PackerOpts.global_clocks: true
PackerOpts.hill_climbing_flag: false
PackerOpts.inter_cluster_net_delay: 1.000000
PackerOpts.timing_driven: true
PackerOpts.target_external_pin_util: auto

PlacerOpts.place_freq: PLACE_ONCE
PlacerOpts.place_algorithm: CRITICALITY_TIMING_PLACE
PlacerOpts.pad_loc_type: FREE
PlacerOpts.constraints_file: No constraints file given
PlacerOpts.place_cost_exp: 1.000000
PlacerOpts.place_chan_width: 100
PlacerOpts.inner_loop_recompute_divider: 0
PlacerOpts.recompute_crit_iter: 1
PlacerOpts.timing_tradeoff: 0.500000
PlacerOpts.td_place_exp_first: 1.000000
PlacerOpts.td_place_exp_last: 8.000000
PlacerOpts.delay_offset: 0.000000
PlacerOpts.delay_ramp_delta_threshold: -1
PlacerOpts.delay_ramp_slope: 0.000000
PlacerOpts.tsu_rel_margin: 1.000000
PlacerOpts.tsu_abs_margin: 0.000000
PlacerOpts.post_place_timing_report_file: 
PlacerOpts.allowed_tiles_for_delay_model: 
PlacerOpts.delay_model_reducer: MIN
PlacerOpts.delay_model_type: DELTA_OVERRIDE
PlacerOpts.rlim_escape_fraction: 0.000000
PlacerOpts.move_stats_file: 
PlacerOpts.placement_saves_per_temperature: 0
PlacerOpts.effort_scaling: CIRCUIT
PlacerOpts.place_delta_delay_matrix_calculation_method: ASTAR_ROUTE
PlaceOpts.seed: 1
AnnealSched.type: AUTO_SCHED
AnnealSched.inner_num: 1.000000

RouterOpts.route_type: DETAILED
RouterOpts.router_algorithm: TIMING_DRIVEN
RouterOpts.base_cost_type: DELAY_NORMALIZED_LENGTH_BOUNDED
RouterOpts.fixed_channel_width: 100
RouterOpts.check_route: QUICK
RouterOpts.trim_empty_chan: false
RouterOpts.trim_obs_chan: false
RouterOpts.acc_fac: 1.000000
RouterOpts.bb_factor: 10
RouterOpts.bend_cost: 0.000000
RouterOpts.first_iter_pres_fac: 0.000000
RouterOpts.initial_pres_fac: 4.000000
RouterOpts.pres_fac_mult: 1.300000
RouterOpts.max_router_iterations: 500
RouterOpts.min_incremental_reroute_fanout: 16
RouterOpts.do_check_rr_graph: false
RouterOpts.verify_binary_search: false
RouterOpts.min_channel_width_hint: 0
RouterOpts.read_rr_edge_metadata: false
RouterOpts.exit_after_first_routing_iteration: false
RouterOpts.astar_fac: 1.200000
RouterOpts.criticality_exp: 1.000000
RouterOpts.max_criticality: 0.990000
RouterOpts.init_wirelength_abort_threshold: 0.850000
RouterOpts.save_routing_per_iteration: false
RouterOpts.congested_routing_iteration_threshold_frac: 0.800000
RouterOpts.high_fanout_threshold: -1
RouterOpts.router_debug_net: -2
RouterOpts.router_debug_sink_rr: -2
RouterOpts.router_debug_iteration: -2
RouterOpts.max_convergence_count: 1
RouterOpts.reconvergence_cpd_threshold: 0.990000
RouterOpts.update_lower_bound_delays: true
RouterOpts.first_iteration_timing_report_file: 
RouterOpts.incr_reroute_delay_ripup: OFF
RouterOpts.route_bb_update: DYNAMIC
RouterOpts.lookahead_type: MAP
RouterOpts.initial_timing: LOOKAHEAD
RouterOpts.router_heap: BINARY_HEAP
RouterOpts.routing_failure_predictor = OFF
RouterOpts.routing_budgets_algorithm = DISABLE

AnalysisOpts.gen_post_synthesis_netlist: false
AnalysisOpts.timing_report_npaths: 100
AnalysisOpts.timing_report_skew: false
AnalysisOpts.echo_dot_timing_graph_node: -1
AnalysisOpts.timing_report_detail: NETLIST

RoutingArch.directionality: BI_DIRECTIONAL
RoutingArch.switch_block_type: WILTON
RoutingArch.Fs: 3

# Load Packing
Begin loading packed FPGA netlist file.
Netlist generated from file 'disp_counter.net'.
Detected 2 constant generators (to see names run with higher pack verbosity)
Finished loading packed FPGA netlist file (took 0.074625 seconds).
# Load Packing took 0.09 seconds (max_rss 37.2 MiB, delta_rss +1.0 MiB)
Warning 1: Netlist contains 0 global net to non-global architecture pin connections
Warning 2: Logic block #64 ($false) has only 1 output pin '$false.GND0_GND[0]'. It may be a constant generator.
Warning 3: Logic block #65 ($true) has only 1 output pin '$true.VCC0_VCC[0]'. It may be a constant generator.

Netlist num_nets: 93
Netlist num_blocks: 66
Netlist EMPTY blocks: 0.
Netlist PB-GMUX blocks: 0.
Netlist PB-LOGIC blocks: 56.
Netlist PB-CLOCK blocks: 0.
Netlist PB-MULT blocks: 0.
Netlist PB-SDIOMUX blocks: 0.
Netlist PB-RAM blocks: 0.
Netlist PB-SYN_VCC blocks: 1.
Netlist PB-BIDIR blocks: 7.
Netlist PB-SYN_GND blocks: 1.
Netlist PB-ASSP blocks: 1.
Netlist inputs pins: 0
Netlist output pins: 21


Pb types usage...
  PB-LOGIC          : 56
   LOGIC            : 56
    FRAGS           : 56
     c_frag_modes   : 56
      SINGLE        : 33
       c_frag       : 33
      SPLIT         : 23
       b_frag       : 23
       t_frag       : 23
     f_frag         : 2
     q_frag_modes   : 36
      INT           : 27
       q_frag       : 27
      EXT           : 9
       q_frag       : 9
  PB-SYN_VCC        : 1
   VCC              : 1
  PB-BIDIR          : 7
   BIDIR            : 7
    OUTPUT          : 7
     bidir          : 7
     outpad         : 7
  PB-SYN_GND        : 1
   GND              : 1
  PB-ASSP           : 1
   ASSP             : 1

# Create Device
## Build Device Grid
FPGA sized to 39 x 35: 1365 grid tiles (ql-eos-s3)

Resource usage...
	Netlist
		0	blocks of type: PB-GMUX
	Architecture
		5	blocks of type: TL-GMUX
	Netlist
		56	blocks of type: PB-LOGIC
	Architecture
		891	blocks of type: TL-LOGIC
	Netlist
		0	blocks of type: PB-CLOCK
	Architecture
		5	blocks of type: TL-CLOCK
	Netlist
		0	blocks of type: PB-MULT
	Architecture
		2	blocks of type: TL-MULT
	Netlist
		0	blocks of type: PB-SDIOMUX
	Architecture
		14	blocks of type: TL-SDIOMUX
	Netlist
		0	blocks of type: PB-RAM
	Architecture
		4	blocks of type: TL-RAM
	Netlist
		1	blocks of type: PB-SYN_VCC
	Architecture
		1	blocks of type: TL-SYN_VCC
	Netlist
		7	blocks of type: PB-BIDIR
	Architecture
		32	blocks of type: TL-BIDIR
	Netlist
		1	blocks of type: PB-SYN_GND
	Architecture
		1	blocks of type: TL-SYN_GND
	Netlist
		1	blocks of type: PB-ASSP
	Architecture
		1	blocks of type: TL-ASSP

Device Utilization: 0.05 (target 1.00)
	Physical Tile TL-LOGIC:
	Block Utilization: 0.06 Logical Block: PB-LOGIC
	Physical Tile TL-RAM:
	Block Utilization: 0.00 Logical Block: PB-RAM
	Physical Tile TL-MULT:
	Block Utilization: 0.00 Logical Block: PB-MULT
	Physical Tile TL-BIDIR:
	Block Utilization: 0.22 Logical Block: PB-BIDIR
	Physical Tile TL-CLOCK:
	Block Utilization: 0.00 Logical Block: PB-CLOCK
	Physical Tile TL-SDIOMUX:
	Block Utilization: 0.00 Logical Block: PB-SDIOMUX
	Physical Tile TL-GMUX:
	Block Utilization: 0.00 Logical Block: PB-GMUX
	Physical Tile TL-ASSP:
	Block Utilization: 1.00 Logical Block: PB-ASSP
	Physical Tile TL-SYN_VCC:
	Block Utilization: 1.00 Logical Block: PB-SYN_VCC
	Physical Tile TL-SYN_GND:
	Block Utilization: 1.00 Logical Block: PB-SYN_GND

## Build Device Grid took 0.02 seconds (max_rss 37.3 MiB, delta_rss +0.0 MiB)
## Loading routing resource graph


## Loading routing resource graph took 1.39 seconds (max_rss 343.9 MiB, delta_rss +306.7 MiB)
  RR Graph Nodes: 1396446
  RR Graph Edges: 2337988
# Create Device took 4.76 seconds (max_rss 391.6 MiB, delta_rss +354.3 MiB)

# Load Placement
Reading disp_counter.place.

Successfully read disp_counter.place.

# Load Placement took 0.00 seconds (max_rss 391.6 MiB, delta_rss +0.0 MiB)

# Computing router lookahead map
## Computing wire lookahead
Warning 4: Unable to find any sample location for segment CHANX type 'generic' (length 1)
Warning 5: Unable to find any sample location for segment CHANY type 'generic' (length 1)
Warning 6: Unable to find any sample location for segment CHANX type 'pad' (length 1)
Warning 7: Unable to find any sample location for segment CHANY type 'pad' (length 1)
## Computing wire lookahead took 80.39 seconds (max_rss 391.6 MiB, delta_rss +0.0 MiB)
## Computing src/opin lookahead
## Computing src/opin lookahead took 0.00 seconds (max_rss 391.6 MiB, delta_rss +0.0 MiB)
# Computing router lookahead map took 80.39 seconds (max_rss 391.6 MiB, delta_rss +0.0 MiB)
# Routing
  RR Graph Nodes: 1396446
  RR Graph Edges: 2337988
Confirming router algorithm: TIMING_DRIVEN.
## Initializing router criticalities
Initial Net Connection Criticality Histogram:
[        0:      0.1) 718 ( 62.9%) |***********************************************
[      0.1:      0.2)   0 (  0.0%) |
[      0.2:      0.3)  11 (  1.0%) |*
[      0.3:      0.4)  67 (  5.9%) |****
[      0.4:      0.5)  25 (  2.2%) |**
[      0.5:      0.6)  36 (  3.2%) |**
[      0.6:      0.7)  38 (  3.3%) |**
[      0.7:      0.8)  30 (  2.6%) |**
[      0.8:      0.9) 115 ( 10.1%) |********
[      0.9:        1) 101 (  8.9%) |*******
## Initializing router criticalities took 0.01 seconds (max_rss 450.0 MiB, delta_rss +0.0 MiB)
---- ------ ------- ---- ------- ------- ------- ----------------- --------------- -------- ---------- ---------- ---------- ---------- --------
Iter   Time    pres  BBs    Heap  Re-Rtd  Re-Rtd Overused RR Nodes      Wirelength      CPD       sTNS       sWNS       hTNS       hWNS Est Succ
      (sec)     fac Updt    push    Nets   Conns                                       (ns)       (ns)       (ns)       (ns)       (ns)     Iter
---- ------ ------- ---- ------- ------- ------- ----------------- --------------- -------- ---------- ---------- ---------- ---------- --------
   1   31.0     0.0    0 3.2e+07      93    1141    1769 ( 0.127%)   27579 ( 2.0%)   62.327     -2200.    -62.327      0.000      0.000      N/A
   2   24.6     4.0    0 2.4e+07      83     772     931 ( 0.067%)   27947 ( 2.0%)   62.327     -2205.    -62.327      0.000      0.000      N/A
   3   21.5     5.2    0 2.1e+07      51     522     615 ( 0.044%)   28094 ( 2.0%)   62.366     -2208.    -62.366      0.000      0.000      N/A
   4   12.5     6.8    0 1.2e+07      49     426     318 ( 0.023%)   28318 ( 2.0%)   62.366     -2213.    -62.366      0.000      0.000      N/A
   5   10.6     8.8    0 1.0e+07      30     255     195 ( 0.014%)   28478 ( 2.0%)   62.366     -2213.    -62.366      0.000      0.000      N/A
   6   10.8    11.4    0 1.1e+07      35     230     166 ( 0.012%)   28673 ( 2.0%)   62.532     -2220.    -62.532      0.000      0.000      N/A
   7    8.3    14.9    0 8451184      25     172     112 ( 0.008%)   28879 ( 2.0%)   62.532     -2220.    -62.532      0.000      0.000      N/A
   8    4.9    19.3    0 4648768      16      89      68 ( 0.005%)   29150 ( 2.1%)   62.568     -2221.    -62.568      0.000      0.000      N/A
   9    6.0    25.1    0 6025561      16      85      62 ( 0.004%)   29252 ( 2.1%)   62.316     -2220.    -62.316      0.000      0.000      N/A
  10    4.7    32.6    0 5068681      10      53      49 ( 0.004%)   29271 ( 2.1%)   62.316     -2221.    -62.316      0.000      0.000       22
  11    3.6    42.4    0 3720809       8      37      27 ( 0.002%)   29537 ( 2.1%)   62.316     -2221.    -62.316      0.000      0.000       23
  12    1.4    55.1    0 1412034       6      25       9 ( 0.001%)   29533 ( 2.1%)   62.363     -2221.    -62.363      0.000      0.000       21
  13    0.6    71.7    0  478931       5      10       6 ( 0.000%)   29554 ( 2.1%)   62.363     -2221.    -62.363      0.000      0.000       18
  14    0.3    93.2    0  261353       3       6       0 ( 0.000%)   29589 ( 2.1%)   62.363     -2223.    -62.363      0.000      0.000       17
Restoring best routing
Critical path: 62.3635 ns
Successfully routed after 14 routing iterations.
Final Net Connection Criticality Histogram:
[        0:      0.1) 718 ( 62.9%) |***********************************************
[      0.1:      0.2)   0 (  0.0%) |
[      0.2:      0.3)   4 (  0.4%) |
[      0.3:      0.4)  61 (  5.3%) |****
[      0.4:      0.5)  36 (  3.2%) |**
[      0.5:      0.6)  51 (  4.5%) |***
[      0.6:      0.7)  20 (  1.8%) |*
[      0.7:      0.8)  41 (  3.6%) |***
[      0.8:      0.9) 105 (  9.2%) |*******
[      0.9:        1) 105 (  9.2%) |*******
Router Stats: total_nets_routed: 430 total_connections_routed: 3823 total_heap_pushes: 140242500 total_heap_pops: 120447716
# Routing took 143.91 seconds (max_rss 450.0 MiB, delta_rss +58.4 MiB)

Checking to ensure routing is legal...
Completed routing consistency check successfully.

Serial number (magic cookie) for the routing is: -1735053257
Circuit successfully routed with a channel width factor of 100.

Incr Slack updates 15 in 0.00053698 sec
Full Max Req/Worst Slack updates 2 in 2.7864e-05 sec
Incr Max Req/Worst Slack updates 13 in 0.000160364 sec
Incr Criticality updates 8 in 0.000327136 sec
Full Criticality updates 7 in 0.000328645 sec

Average number of bends per net: 267.376  Maximum # of bends: 6679

Number of global nets: 0
Number of routed nets (nonglobal): 93
Wire length results (in units of 1 clb segments)...
	Total wirelength: 28076, average net length: 301.892
	Maximum net length: 8579

Wire length results in terms of physical segments...
	Total wiring segments used: 25310, average wire segments per net: 272.151
	Maximum segments used by a net: 6862
	Total local nets with reserved CLB opins: 0

Routing channel utilization histogram:
[        1:      inf)    0 (  0.0%) |
[      0.9:        1)   54 (  2.1%) |*
[      0.8:      0.9)    0 (  0.0%) |
[      0.7:      0.8)    6 (  0.2%) |
[      0.5:      0.6)    0 (  0.0%) |
[      0.4:      0.5)    0 (  0.0%) |
[      0.3:      0.4)   12 (  0.5%) |
[      0.2:      0.3)   80 (  3.1%) |**
[      0.1:      0.2)   48 (  1.9%) |*
[        0:      0.1) 2384 ( 92.3%) |**********************************************
Maximum routing channel utilization:         1 at (1,3)

X - Directed channels:   j max occ ave occ capacity
                      ---- ------- ------- --------
                         0       2   1.231        2
                         1     161  10.026      221
                         2       0   0.000        0
                         3      91  21.923      635
                         4      68   2.487      623
                         5      71   2.462      658
                         6      81   4.744      623
                         7      85   5.077      623
                         8     169  11.385      623
                         9     204  27.897      623
                        10     243  44.590      665
                        11     245  40.410      623
                        12     257  52.538      647
                        13     245  44.359      623
                        14     255  42.795      623
                        15     207  29.718      623
                        16     160  15.590      623
                        17       8   0.359      623
                        18       0   0.000      725
                        19       0   0.000      623
                        20       0   0.000      623
                        21       0   0.000      623
                        22       0   0.000      623
                        23       0   0.000      623
                        24       0   0.000      623
                        25       0   0.000      657
                        26       0   0.000      634
                        27       0   0.000      623
                        28       0   0.000      623
                        29       0   0.000      624
                        30       0   0.000      625
                        31       0   0.000      626
                        32       0   0.000      786
                        33       0   0.000      269
Y - Directed channels:   i max occ ave occ capacity
                      ---- ------- ------- --------
                         0       0   0.000        2
                         1      47   4.057      287
                         2       1   0.029        4
                         3     177  54.314      848
                         4      36   1.686      874
                         5      54   2.771      819
                         6      30   4.543      760
                         7      46   3.257      761
                         8      11   1.143      761
                         9      46   4.229      761
                        10      15   2.057      757
                        11       6   1.371      775
                        12      53   2.829      757
                        13      53   3.714      761
                        14      25   2.286      761
                        15     162  11.143      761
                        16     198  38.914      761
                        17     220  36.771      761
                        18     250  52.229      761
                        19     241  41.229      816
                        20     222  35.200      761
                        21     250  39.457      883
                        22     214  39.086      761
                        23     181  16.829      761
                        24      30   2.771      761
                        25       9   0.457      761
                        26      30   1.343      757
                        27       0   0.000      775
                        28       0   0.000      757
                        29       0   0.000      761
                        30       0   0.000      761
                        31       0   0.000      761
                        32       0   0.000      761
                        33       0   0.000      763
                        34       0   0.000      762
                        35       0   0.000      764
                        36       0   0.000     1024
                        37       0   0.000      164

Total tracks in x-direction: 19611, in y-direction: 27046

Logic area (in minimum width transistor areas, excludes I/Os and empty grid tiles)...
	Total logic block area (Warning, need to add pitch of routing to blocks with height > 3): 1.3515e+07
	Total used logic block area: 885000

Routing area (in minimum width transistor areas)...
	Assuming no buffer sharing (pessimistic). Total: 1.07847e+09, per logic tile: 790090.
	Assuming buffer sharing (slightly optimistic). Total: 8.38760e+08, per logic tile: 614476.


Segment usage by type (index):    name type utilization
                               ------- ---- -----------
                                  sbox    2      0.0164
                                   vcc    3      0.0782
                                   gnd    4       0.092
                                  hop1    5      0.0199
                                  hop2    6      0.0322
                                  hop3    7      0.0385
                                  hop4    8      0.0139
                                 clock    9           0
                               special   10      0.0828

Segment usage by length: length utilization
                         ------ -----------
                              1      0.0169
                              2      0.0322
                              3      0.0385
                              4      0.0139


Final hold Worst Negative Slack (hWNS): 0 ns
Final hold Total Negative Slack (hTNS): 0 ns

Final hold slack histogram:
[  4.4e-09:  7.1e-09)  2 (  4.1%) |******
[  7.1e-09:  9.8e-09) 15 ( 30.6%) |******************************************
[  9.8e-09:  1.2e-08) 17 ( 34.7%) |************************************************
[  1.2e-08:  1.5e-08)  1 (  2.0%) |***
[  1.5e-08:  1.8e-08)  4 (  8.2%) |***********
[  1.8e-08:  2.1e-08)  4 (  8.2%) |***********
[  2.1e-08:  2.3e-08)  0 (  0.0%) |
[  2.3e-08:  2.6e-08)  0 (  0.0%) |
[  2.6e-08:  2.9e-08)  1 (  2.0%) |***
[  2.9e-08:  3.1e-08)  5 ( 10.2%) |**************

Final critical path delay (least slack): 62.2858 ns, Fmax: 16.055 MHz
Final setup Worst Negative Slack (sWNS): -62.2858 ns
Final setup Total Negative Slack (sTNS): -2220.75 ns

Final setup slack histogram:
[ -6.2e-08: -5.7e-08) 14 ( 28.6%) |***********************************
[ -5.7e-08: -5.1e-08) 19 ( 38.8%) |************************************************
[ -5.1e-08: -4.6e-08)  1 (  2.0%) |***
[ -4.6e-08: -4.1e-08)  0 (  0.0%) |
[ -4.1e-08: -3.5e-08)  0 (  0.0%) |
[ -3.5e-08:   -3e-08)  3 (  6.1%) |********
[   -3e-08: -2.4e-08)  3 (  6.1%) |********
[ -2.4e-08: -1.9e-08)  0 (  0.0%) |
[ -1.9e-08: -1.4e-08)  3 (  6.1%) |********
[ -1.4e-08: -8.3e-09)  6 ( 12.2%) |***************

Final geomean non-virtual intra-domain period: 62.2858 ns (16.055 MHz)
Final fanout-weighted geomean non-virtual intra-domain period: 62.2858 ns (16.055 MHz)

Incr Slack updates 1 in 5.3593e-05 sec
Full Max Req/Worst Slack updates 1 in 1.6146e-05 sec
Incr Max Req/Worst Slack updates 0 in 0 sec
Incr Criticality updates 0 in 0 sec
Full Criticality updates 1 in 5.5261e-05 sec
Flow timing analysis took 0.0332853 seconds (0.0305562 STA, 0.00272912 slack) (16 full updates: 0 setup, 0 hold, 16 combined).
VPR succeeded
The entire flow of VPR took 230.93 seconds (max_rss 450.0 MiB)
